d:\develop\codes\vs2013\trademark\trademark\debug\vc120.pdb
d:\develop\codes\vs2013\trademark\trademark\debug\qrc_trademark.obj
d:\develop\codes\vs2013\trademark\trademark\debug\trademark.obj
d:\develop\codes\vs2013\trademark\trademark\debug\main.obj
d:\develop\codes\vs2013\trademark\trademark\debug\ocr.obj
d:\develop\codes\vs2013\trademark\trademark\debug\moc_trademark.obj
d:\develop\codes\vs2013\trademark\trademark\debug\handleimg.obj
d:\develop\codes\vs2013\trademark\trademark\generatedfiles\ui_trademark.h
d:\develop\codes\vs2013\trademark\trademark\generatedfiles\qrc_trademark.cpp
d:\develop\codes\vs2013\trademark\trademark\generatedfiles\debug\moc_trademark.cpp
d:\develop\codes\vs2013\trademark\win32\debug\trademark.ilk
d:\develop\codes\vs2013\trademark\win32\debug\trademark.exe
d:\develop\codes\vs2013\trademark\win32\debug\trademark.pdb
d:\develop\codes\vs2013\trademark\trademark\debug\trademark.tlog\cl.command.1.tlog
d:\develop\codes\vs2013\trademark\trademark\debug\trademark.tlog\cl.read.1.tlog
d:\develop\codes\vs2013\trademark\trademark\debug\trademark.tlog\cl.write.1.tlog
d:\develop\codes\vs2013\trademark\trademark\debug\trademark.tlog\custombuild.command.1.tlog
d:\develop\codes\vs2013\trademark\trademark\debug\trademark.tlog\custombuild.read.1.tlog
d:\develop\codes\vs2013\trademark\trademark\debug\trademark.tlog\custombuild.write.1.tlog
d:\develop\codes\vs2013\trademark\trademark\debug\trademark.tlog\link.command.1.tlog
d:\develop\codes\vs2013\trademark\trademark\debug\trademark.tlog\link.read.1.tlog
d:\develop\codes\vs2013\trademark\trademark\debug\trademark.tlog\link.write.1.tlog
