生成启动时间为 2016/1/10 15:17:17。
     1>项目“D:\develop\codes\VS2013\TradeMark\TradeMark\TradeMark.vcxproj”在节点 2 上(Build 个目标)。
     1>ClCompile:
         C:\Program Files (x86)\Microsoft Visual Studio 12.0\VC\bin\CL.exe /c /I.\GeneratedFiles /I. /ID:\develop\tools\Qt\Qt5.3.2\5.3\msvc2013\include /I.\GeneratedFiles\Debug /ID:\develop\tools\Qt\Qt5.3.2\5.3\msvc2013\include\QtCore /ID:\develop\tools\Qt\Qt5.3.2\5.3\msvc2013\include\QtGui /ID:\develop\tools\Qt\Qt5.3.2\5.3\msvc2013\include\QtWidgets /Zi /nologo /W1 /WX- /Od /Oy- /D UNICODE /D WIN32 /D WIN64 /D QT_DLL /D QT_CORE_LIB /D QT_GUI_LIB /D QT_WIDGETS_LIB /Gm- /EHsc /MDd /GS /fp:precise /Zc:wchar_t /Zc:forScope /Fo"Debug\\" /Fd"Debug\vc120.pdb" /Gd /TP /analyze- /errorReport:prompt handleImg.cpp
         handleImg.cpp
     1>handleImg.cpp(283): warning C4258: “i”: 忽略 For 循环中的定义；使用封闭范围中的定义
                 handleImg.cpp(269) : 忽略“i”的定义
                 handleImg.cpp(265) : 使用“i”的定义
     1>handleImg.cpp(284): warning C4258: “i”: 忽略 For 循环中的定义；使用封闭范围中的定义
                 handleImg.cpp(269) : 忽略“i”的定义
                 handleImg.cpp(265) : 使用“i”的定义
     1>d:\develop\codes\vs2013\trademark\trademark\handleimg.cpp(72): warning C4700: 使用了未初始化的局部变量“x1”
       Link:
         C:\Program Files (x86)\Microsoft Visual Studio 12.0\VC\bin\link.exe /ERRORREPORT:PROMPT /OUT:"D:\develop\codes\VS2013\TradeMark\Win32\Debug\\TradeMark.exe" /NOLOGO /LIBPATH:D:\develop\tools\Qt\Qt5.3.2\5.3\msvc2013\lib qtmaind.lib Qt5Cored.lib Qt5Guid.lib Qt5Widgetsd.lib opencv_calib3d249d.lib opencv_contrib249d.lib opencv_core249d.lib opencv_features2d249d.lib opencv_flann249d.lib opencv_gpu249d.lib opencv_highgui249d.lib opencv_imgproc249d.lib opencv_legacy249d.lib opencv_ml249d.lib opencv_objdetect249d.lib opencv_ts249d.lib opencv_video249d.lib kernel32.lib user32.lib gdi32.lib winspool.lib comdlg32.lib advapi32.lib shell32.lib ole32.lib oleaut32.lib uuid.lib odbc32.lib odbccp32.lib /MANIFEST /MANIFESTUAC:"level='asInvoker' uiAccess='false'" /manifest:embed /DEBUG /PDB:"D:\develop\codes\VS2013\TradeMark\Win32\Debug\TradeMark.pdb" /SUBSYSTEM:WINDOWS /TLBID:1 /DYNAMICBASE /NXCOMPAT /IMPLIB:"D:\develop\codes\VS2013\TradeMark\Win32\Debug\TradeMark.lib" /MACHINE:X86 /SAFESEH Debug\moc_trademark.obj
         Debug\qrc_trademark.obj
         Debug\handleImg.obj
         Debug\main.obj
         Debug\trademark.obj
         TradeMark.vcxproj -> D:\develop\codes\VS2013\TradeMark\Win32\Debug\TradeMark.exe
     1>已完成生成项目“D:\develop\codes\VS2013\TradeMark\TradeMark\TradeMark.vcxproj”(Build 个目标)的操作。

生成成功。

已用时间 00:00:01.50
